This file contains any messages produced by compilers while
running configure, to aid debugging if configure makes a mistake.

It was created by TestU01 configure 1.2.3, which was
generated by GNU Autoconf 2.69.  Invocation command line was

  $ ./configure --prefix=/home/mayank/Desktop/randomness/rtt-statistical-batteries-master/testu01-src/TestU01-1.2.3/../install

## --------- ##
## Platform. ##
## --------- ##

hostname = kharbanda
uname -m = x86_64
uname -r = 5.3.0-26-generic
uname -s = Linux
uname -v = #28-Ubuntu SMP Wed Dec 18 05:37:46 UTC 2019

/usr/bin/uname -p = unknown
/bin/uname -X     = unknown

/bin/arch              = unknown
/usr/bin/arch -k       = unknown
/usr/convex/getsysinfo = unknown
/usr/bin/hostinfo      = unknown
/bin/machine           = unknown
/usr/bin/oslevel       = unknown
/bin/universe          = unknown

PATH: /usr/local/sbin
PATH: /usr/local/bin
PATH: /usr/sbin
PATH: /usr/bin
PATH: /sbin
PATH: /bin
PATH: /snap/bin


## ----------- ##
## Core tests. ##
## ----------- ##

configure:2323: checking for a BSD-compatible install
configure:2391: result: /usr/bin/install -c
configure:2402: checking whether build environment is sane
configure:2457: result: yes
configure:2493: WARNING: 'missing' script is too old or missing
configure:2606: checking for a thread-safe mkdir -p
configure:2645: result: /bin/mkdir -p
configure:2652: checking for gawk
configure:2682: result: no
configure:2652: checking for mawk
configure:2668: found /usr/bin/mawk
configure:2679: result: mawk
configure:2690: checking whether make sets $(MAKE)
configure:2712: result: yes
configure:2741: checking whether make supports nested variables
configure:2758: result: yes
configure:2893: checking build system type
configure:2907: result: x86_64-unknown-linux-gnu
configure:2927: checking host system type
configure:2940: result: x86_64-unknown-linux-gnu
configure:3010: checking for gcc
configure:3026: found /usr/bin/gcc
configure:3037: result: gcc
configure:3266: checking for C compiler version
configure:3275: gcc --version >&5
gcc (Ubuntu 9.2.1-9ubuntu2) 9.2.1 20191008
Copyright (C) 2019 Free Software Foundation, Inc.
This is free software; see the source for copying conditions.  There is NO
warranty; not even for MERCHANTABILITY or FITNESS FOR A PARTICULAR PURPOSE.

configure:3286: $? = 0
configure:3275: gcc -v >&5
Using built-in specs.
COLLECT_GCC=gcc
COLLECT_LTO_WRAPPER=/usr/lib/gcc/x86_64-linux-gnu/9/lto-wrapper
OFFLOAD_TARGET_NAMES=nvptx-none:hsa
OFFLOAD_TARGET_DEFAULT=1
Target: x86_64-linux-gnu
Configured with: ../src/configure -v --with-pkgversion='Ubuntu 9.2.1-9ubuntu2' --with-bugurl=file:///usr/share/doc/gcc-9/README.Bugs --enable-languages=c,ada,c++,go,brig,d,fortran,objc,obj-c++,gm2 --prefix=/usr --with-gcc-major-version-only --program-suffix=-9 --program-prefix=x86_64-linux-gnu- --enable-shared --enable-linker-build-id --libexecdir=/usr/lib --without-included-gettext --enable-threads=posix --libdir=/usr/lib --enable-nls --enable-bootstrap --enable-clocale=gnu --enable-libstdcxx-debug --enable-libstdcxx-time=yes --with-default-libstdcxx-abi=new --enable-gnu-unique-object --disable-vtable-verify --enable-plugin --enable-default-pie --with-system-zlib --with-target-system-zlib=auto --enable-multiarch --disable-werror --with-arch-32=i686 --with-abi=m64 --with-multilib-list=m32,m64,mx32 --enable-multilib --with-tune=generic --enable-offload-targets=nvptx-none,hsa --without-cuda-driver --enable-checking=release --build=x86_64-linux-gnu --host=x86_64-linux-gnu --target=x86_64-linux-gnu
Thread model: posix
gcc version 9.2.1 20191008 (Ubuntu 9.2.1-9ubuntu2) 
configure:3286: $? = 0
configure:3275: gcc -V >&5
gcc: error: unrecognized command line option '-V'
gcc: fatal error: no input files
compilation terminated.
configure:3286: $? = 1
configure:3275: gcc -qversion >&5
gcc: error: unrecognized command line option '-qversion'; did you mean '--version'?
gcc: fatal error: no input files
compilation terminated.
configure:3286: $? = 1
configure:3306: checking whether the C compiler works
configure:3328: gcc    conftest.c  >&5
configure:3332: $? = 0
configure:3380: result: yes
configure:3383: checking for C compiler default output file name
configure:3385: result: a.out
configure:3391: checking for suffix of executables
configure:3398: gcc -o conftest    conftest.c  >&5
configure:3402: $? = 0
configure:3424: result: 
configure:3446: checking whether we are cross compiling
configure:3454: gcc -o conftest    conftest.c  >&5
configure:3458: $? = 0
configure:3465: ./conftest
configure:3469: $? = 0
configure:3457: result: no
configure:3462: checking for suffix of object files
configure:3484: gcc -c   conftest.c >&5
configure:3488: $? = 0
configure:3509: result: o
configure:3513: checking whether we are using the GNU C compiler
configure:3532: gcc -c   conftest.c >&5
configure:3532: $? = 0
configure:3541: result: yes
configure:3550: checking whether gcc accepts -g
configure:3570: gcc -c -g  conftest.c >&5
configure:3570: $? = 0
configure:3611: result: yes
configure:3628: checking for gcc option to accept ISO C89
configure:3691: gcc  -c -g -O2  conftest.c >&5
configure:3691: $? = 0
configure:3704: result: none needed
configure:3729: checking whether gcc understands -c and -o together
configure:3751: gcc -c conftest.c -o conftest2.o
configure:3754: $? = 0
configure:3751: gcc -c conftest.c -o conftest2.o
configure:3754: $? = 0
configure:3766: result: yes
configure:3786: checking whether make supports the include directive
configure:3801: make -f confmf.GNU && cat confinc.out
make[1]: Entering directory '/home/mayank/Desktop/randomness/rtt-statistical-batteries-master/testu01-src/TestU01-1.2.3'
make[1]: Leaving directory '/home/mayank/Desktop/randomness/rtt-statistical-batteries-master/testu01-src/TestU01-1.2.3'
this is the am__doit target
configure:3804: $? = 0
configure:3823: result: yes (GNU style)
configure:3848: checking dependency style of gcc
configure:3959: result: gcc3
configure:3979: checking how to run the C preprocessor
configure:4010: gcc -E  conftest.c
configure:4010: $? = 0
configure:4024: gcc -E  conftest.c
conftest.c:11:10: fatal error: ac_nonexistent.h: No such file or directory
   11 | #include <ac_nonexistent.h>
      |          ^~~~~~~~~~~~~~~~~~
compilation terminated.
configure:4024: $? = 1
configure: failed program was:
| /* confdefs.h */
| #define PACKAGE_NAME "TestU01"
| #define PACKAGE_TARNAME "testu01"
| #define PACKAGE_VERSION "1.2.3"
| #define PACKAGE_STRING "TestU01 1.2.3"
| #define PACKAGE_BUGREPORT "lecuyer@iro.umontreal.ca"
| #define PACKAGE_URL ""
| #define PACKAGE "testu01"
| #define VERSION "1.2.3"
| /* end confdefs.h.  */
| #include <ac_nonexistent.h>
configure:4049: result: gcc -E
configure:4069: gcc -E  conftest.c
configure:4069: $? = 0
configure:4083: gcc -E  conftest.c
conftest.c:11:10: fatal error: ac_nonexistent.h: No such file or directory
   11 | #include <ac_nonexistent.h>
      |          ^~~~~~~~~~~~~~~~~~
compilation terminated.
configure:4083: $? = 1
configure: failed program was:
| /* confdefs.h */
| #define PACKAGE_NAME "TestU01"
| #define PACKAGE_TARNAME "testu01"
| #define PACKAGE_VERSION "1.2.3"
| #define PACKAGE_STRING "TestU01 1.2.3"
| #define PACKAGE_BUGREPORT "lecuyer@iro.umontreal.ca"
| #define PACKAGE_URL ""
| #define PACKAGE "testu01"
| #define VERSION "1.2.3"
| /* end confdefs.h.  */
| #include <ac_nonexistent.h>
configure:4112: checking whether ln -s works
configure:4116: result: yes
configure:4123: checking whether make sets $(MAKE)
configure:4145: result: yes
configure:4200: checking how to print strings
configure:4227: result: printf
configure:4248: checking for a sed that does not truncate output
configure:4312: result: /bin/sed
configure:4330: checking for grep that handles long lines and -e
configure:4388: result: /bin/grep
configure:4393: checking for egrep
configure:4455: result: /bin/grep -E
configure:4460: checking for fgrep
configure:4522: result: /bin/grep -F
configure:4557: checking for ld used by gcc
configure:4624: result: /usr/bin/ld
configure:4631: checking if the linker (/usr/bin/ld) is GNU ld
configure:4646: result: yes
configure:4658: checking for BSD- or MS-compatible name lister (nm)
configure:4712: result: /usr/bin/nm -B
configure:4842: checking the name lister (/usr/bin/nm -B) interface
configure:4849: gcc -c -g -O2  conftest.c >&5
configure:4852: /usr/bin/nm -B "conftest.o"
configure:4855: output
0000000000000000 B some_variable
configure:4856: result: BSD nm
configure:4860: checking the maximum length of command line arguments
configure:4991: result: 1572864
configure:5039: checking how to convert x86_64-unknown-linux-gnu file names to x86_64-unknown-linux-gnu format
configure:5079: result: func_convert_file_noop
configure:5086: checking how to convert x86_64-unknown-linux-gnu file names to toolchain format
configure:5106: result: func_convert_file_noop
configure:5113: checking for /usr/bin/ld option to reload object files
configure:5120: result: -r
configure:5194: checking for objdump
configure:5210: found /usr/bin/objdump
configure:5221: result: objdump
configure:5253: checking how to recognize dependent libraries
configure:5453: result: pass_all
configure:5538: checking for dlltool
configure:5568: result: no
configure:5598: checking how to associate runtime and link libraries
configure:5625: result: printf %s\n
configure:5686: checking for ar
configure:5702: found /usr/bin/ar
configure:5713: result: ar
configure:5750: checking for archiver @FILE support
configure:5767: gcc -c -g -O2  conftest.c >&5
configure:5767: $? = 0
configure:5770: ar cru libconftest.a @conftest.lst >&5
ar: `u' modifier ignored since `D' is the default (see `U')
configure:5773: $? = 0
configure:5778: ar cru libconftest.a @conftest.lst >&5
ar: `u' modifier ignored since `D' is the default (see `U')
ar: conftest.o: No such file or directory
configure:5781: $? = 1
configure:5780: result: @
configure:5838: checking for strip
configure:5854: found /usr/bin/strip
configure:5865: result: strip
configure:5937: checking for ranlib
configure:5953: found /usr/bin/ranlib
configure:5964: result: ranlib
configure:6066: checking command to parse /usr/bin/nm -B output from gcc object
configure:6219: gcc -c -g -O2  conftest.c >&5
configure:6222: $? = 0
configure:6226: /usr/bin/nm -B conftest.o | sed -n -e 's/^.*[	 ]\([ABCDGIRSTW][ABCDGIRSTW]*\)[	 ][	 ]*\([_A-Za-z][_A-Za-z0-9]*\)$/\1 \2 \2/p' | sed '/ __gnu_lto/d' > conftest.nm
configure:6292: gcc -o conftest -g -O2   conftest.c conftstm.o >&5
configure:6295: $? = 0
configure:6333: result: ok
configure:6380: checking for sysroot
configure:6410: result: no
configure:6417: checking for a working dd
configure:6455: result: /bin/dd
configure:6459: checking how to truncate binary pipes
configure:6474: result: /bin/dd bs=4096 count=1
configure:6610: gcc -c -g -O2  conftest.c >&5
configure:6613: $? = 0
configure:6803: checking for mt
configure:6819: found /bin/mt
configure:6830: result: mt
configure:6853: checking if mt is a manifest tool
configure:6859: mt '-?'
configure:6867: result: no
configure:7540: checking for ANSI C header files
configure:7560: gcc -c -g -O2  conftest.c >&5
configure:7560: $? = 0
configure:7633: gcc -o conftest -g -O2   conftest.c  >&5
configure:7633: $? = 0
configure:7633: ./conftest
configure:7633: $? = 0
configure:7644: result: yes
configure:7657: checking for sys/types.h
configure:7657: gcc -c -g -O2  conftest.c >&5
configure:7657: $? = 0
configure:7657: result: yes
configure:7657: checking for sys/stat.h
configure:7657: gcc -c -g -O2  conftest.c >&5
configure:7657: $? = 0
configure:7657: result: yes
configure:7657: checking for stdlib.h
configure:7657: gcc -c -g -O2  conftest.c >&5
configure:7657: $? = 0
configure:7657: result: yes
configure:7657: checking for string.h
configure:7657: gcc -c -g -O2  conftest.c >&5
configure:7657: $? = 0
configure:7657: result: yes
configure:7657: checking for memory.h
configure:7657: gcc -c -g -O2  conftest.c >&5
configure:7657: $? = 0
configure:7657: result: yes
configure:7657: checking for strings.h
configure:7657: gcc -c -g -O2  conftest.c >&5
configure:7657: $? = 0
configure:7657: result: yes
configure:7657: checking for inttypes.h
configure:7657: gcc -c -g -O2  conftest.c >&5
configure:7657: $? = 0
configure:7657: result: yes
configure:7657: checking for stdint.h
configure:7657: gcc -c -g -O2  conftest.c >&5
configure:7657: $? = 0
configure:7657: result: yes
configure:7657: checking for unistd.h
configure:7657: gcc -c -g -O2  conftest.c >&5
configure:7657: $? = 0
configure:7657: result: yes
configure:7671: checking for dlfcn.h
configure:7671: gcc -c -g -O2  conftest.c >&5
configure:7671: $? = 0
configure:7671: result: yes
configure:7927: checking for objdir
configure:7942: result: .libs
configure:8202: checking if gcc supports -fno-rtti -fno-exceptions
configure:8220: gcc -c -g -O2  -fno-rtti -fno-exceptions conftest.c >&5
cc1: warning: command line option '-fno-rtti' is valid for C++/D/ObjC++ but not for C
configure:8224: $? = 0
configure:8237: result: no
configure:8601: checking for gcc option to produce PIC
configure:8608: result: -fPIC -DPIC
configure:8616: checking if gcc PIC flag -fPIC -DPIC works
configure:8634: gcc -c -g -O2  -fPIC -DPIC -DPIC conftest.c >&5
configure:8638: $? = 0
configure:8651: result: yes
configure:8680: checking if gcc static flag -static works
configure:8708: result: yes
configure:8723: checking if gcc supports -c -o file.o
configure:8744: gcc -c -g -O2  -o out/conftest2.o conftest.c >&5
configure:8748: $? = 0
configure:8770: result: yes
configure:8778: checking if gcc supports -c -o file.o
configure:8825: result: yes
configure:8858: checking whether the gcc linker (/usr/bin/ld -m elf_x86_64) supports shared libraries
configure:10121: result: yes
configure:10158: checking whether -lc should be explicitly linked in
configure:10166: gcc -c -g -O2  conftest.c >&5
configure:10169: $? = 0
configure:10184: gcc -shared  -fPIC -DPIC conftest.o  -v -Wl,-soname -Wl,conftest -o conftest 2\>\&1 \| /bin/grep  -lc  \>/dev/null 2\>\&1
configure:10187: $? = 0
configure:10201: result: no
configure:10361: checking dynamic linker characteristics
configure:10942: gcc -o conftest -g -O2   -Wl,-rpath -Wl,/foo conftest.c  >&5
configure:10942: $? = 0
configure:11191: result: GNU/Linux ld.so
configure:11313: checking how to hardcode library paths into programs
configure:11338: result: immediate
configure:11886: checking whether stripping libraries is possible
configure:11891: result: yes
configure:11926: checking if libtool supports shared libraries
configure:11928: result: yes
configure:11931: checking whether to build shared libraries
configure:11956: result: yes
configure:11959: checking whether to build static libraries
configure:11963: result: yes
configure:8778: checking for math
configure:8806: result: no
configure:8909: checking for cos in -lm
configure:8934: gcc -o conftest -g -O2   conftest.c -lm   >&5
conftest.c:30:6: warning: conflicting types for built-in function 'cos'; expected 'double(double)' [-Wbuiltin-declaration-mismatch]
   30 | char cos ();
      |      ^~~
conftest.c:1:1: note: 'cos' is declared in header '<math.h>'
    1 | /* confdefs.h */
configure:8934: $? = 0
configure:8943: result: yes
configure:8955: checking for ANSI C header files
configure:9059: result: yes
configure:9070: checking sys/utsname.h usability
configure:9070: gcc -c -g -O2  conftest.c >&5
configure:9070: $? = 0
configure:9070: result: yes
configure:9070: checking sys/utsname.h presence
configure:9070: gcc -E  conftest.c
configure:9070: $? = 0
configure:9070: result: yes
configure:9070: checking for sys/utsname.h
configure:9070: result: yes
configure:9070: checking for unistd.h
configure:9070: result: yes
configure:9070: checking windows.h usability
configure:9070: gcc -c -g -O2  conftest.c >&5
conftest.c:59:10: fatal error: windows.h: No such file or directory
   59 | #include <windows.h>
      |          ^~~~~~~~~~~
compilation terminated.
configure:9070: $? = 1
configure: failed program was:
| /* confdefs.h */
| #define PACKAGE_NAME "TestU01"
| #define PACKAGE_TARNAME "testu01"
| #define PACKAGE_VERSION "1.2.3"
| #define PACKAGE_STRING "TestU01 1.2.3"
| #define PACKAGE_BUGREPORT "lecuyer@iro.umontreal.ca"
| #define PACKAGE_URL ""
| #define PACKAGE "testu01"
| #define VERSION "1.2.3"
| #define STDC_HEADERS 1
| #define HAVE_SYS_TYPES_H 1
| #define HAVE_SYS_STAT_H 1
| #define HAVE_STDLIB_H 1
| #define HAVE_STRING_H 1
| #define HAVE_MEMORY_H 1
| #define HAVE_STRINGS_H 1
| #define HAVE_INTTYPES_H 1
| #define HAVE_STDINT_H 1
| #define HAVE_UNISTD_H 1
| #define HAVE_DLFCN_H 1
| #define LT_OBJDIR ".libs/"
| #define STDC_HEADERS 1
| #define HAVE_SYS_UTSNAME_H 1
| #define HAVE_UNISTD_H 1
| /* end confdefs.h.  */
| #include <stdio.h>
| #ifdef HAVE_SYS_TYPES_H
| # include <sys/types.h>
| #endif
| #ifdef HAVE_SYS_STAT_H
| # include <sys/stat.h>
| #endif
| #ifdef STDC_HEADERS
| # include <stdlib.h>
| # include <stddef.h>
| #else
| # ifdef HAVE_STDLIB_H
| #  include <stdlib.h>
| # endif
| #endif
| #ifdef HAVE_STRING_H
| # if !defined STDC_HEADERS && defined HAVE_MEMORY_H
| #  include <memory.h>
| # endif
| # include <string.h>
| #endif
| #ifdef HAVE_STRINGS_H
| # include <strings.h>
| #endif
| #ifdef HAVE_INTTYPES_H
| # include <inttypes.h>
| #endif
| #ifdef HAVE_STDINT_H
| # include <stdint.h>
| #endif
| #ifdef HAVE_UNISTD_H
| # include <unistd.h>
| #endif
| #include <windows.h>
configure:9070: result: no
configure:9070: checking windows.h presence
configure:9070: gcc -E  conftest.c
conftest.c:26:10: fatal error: windows.h: No such file or directory
   26 | #include <windows.h>
      |          ^~~~~~~~~~~
compilation terminated.
configure:9070: $? = 1
configure: failed program was:
| /* confdefs.h */
| #define PACKAGE_NAME "TestU01"
| #define PACKAGE_TARNAME "testu01"
| #define PACKAGE_VERSION "1.2.3"
| #define PACKAGE_STRING "TestU01 1.2.3"
| #define PACKAGE_BUGREPORT "lecuyer@iro.umontreal.ca"
| #define PACKAGE_URL ""
| #define PACKAGE "testu01"
| #define VERSION "1.2.3"
| #define STDC_HEADERS 1
| #define HAVE_SYS_TYPES_H 1
| #define HAVE_SYS_STAT_H 1
| #define HAVE_STDLIB_H 1
| #define HAVE_STRING_H 1
| #define HAVE_MEMORY_H 1
| #define HAVE_STRINGS_H 1
| #define HAVE_INTTYPES_H 1
| #define HAVE_STDINT_H 1
| #define HAVE_UNISTD_H 1
| #define HAVE_DLFCN_H 1
| #define LT_OBJDIR ".libs/"
| #define STDC_HEADERS 1
| #define HAVE_SYS_UTSNAME_H 1
| #define HAVE_UNISTD_H 1
| /* end confdefs.h.  */
| #include <windows.h>
configure:9070: result: no
configure:9070: checking for windows.h
configure:9070: result: no
configure:9070: checking gmp.h usability
configure:9070: gcc -c -g -O2  conftest.c >&5
conftest.c:59:10: fatal error: gmp.h: No such file or directory
   59 | #include <gmp.h>
      |          ^~~~~~~
compilation terminated.
configure:9070: $? = 1
configure: failed program was:
| /* confdefs.h */
| #define PACKAGE_NAME "TestU01"
| #define PACKAGE_TARNAME "testu01"
| #define PACKAGE_VERSION "1.2.3"
| #define PACKAGE_STRING "TestU01 1.2.3"
| #define PACKAGE_BUGREPORT "lecuyer@iro.umontreal.ca"
| #define PACKAGE_URL ""
| #define PACKAGE "testu01"
| #define VERSION "1.2.3"
| #define STDC_HEADERS 1
| #define HAVE_SYS_TYPES_H 1
| #define HAVE_SYS_STAT_H 1
| #define HAVE_STDLIB_H 1
| #define HAVE_STRING_H 1
| #define HAVE_MEMORY_H 1
| #define HAVE_STRINGS_H 1
| #define HAVE_INTTYPES_H 1
| #define HAVE_STDINT_H 1
| #define HAVE_UNISTD_H 1
| #define HAVE_DLFCN_H 1
| #define LT_OBJDIR ".libs/"
| #define STDC_HEADERS 1
| #define HAVE_SYS_UTSNAME_H 1
| #define HAVE_UNISTD_H 1
| /* end confdefs.h.  */
| #include <stdio.h>
| #ifdef HAVE_SYS_TYPES_H
| # include <sys/types.h>
| #endif
| #ifdef HAVE_SYS_STAT_H
| # include <sys/stat.h>
| #endif
| #ifdef STDC_HEADERS
| # include <stdlib.h>
| # include <stddef.h>
| #else
| # ifdef HAVE_STDLIB_H
| #  include <stdlib.h>
| # endif
| #endif
| #ifdef HAVE_STRING_H
| # if !defined STDC_HEADERS && defined HAVE_MEMORY_H
| #  include <memory.h>
| # endif
| # include <string.h>
| #endif
| #ifdef HAVE_STRINGS_H
| # include <strings.h>
| #endif
| #ifdef HAVE_INTTYPES_H
| # include <inttypes.h>
| #endif
| #ifdef HAVE_STDINT_H
| # include <stdint.h>
| #endif
| #ifdef HAVE_UNISTD_H
| # include <unistd.h>
| #endif
| #include <gmp.h>
configure:9070: result: no
configure:9070: checking gmp.h presence
configure:9070: gcc -E  conftest.c
conftest.c:26:10: fatal error: gmp.h: No such file or directory
   26 | #include <gmp.h>
      |          ^~~~~~~
compilation terminated.
configure:9070: $? = 1
configure: failed program was:
| /* confdefs.h */
| #define PACKAGE_NAME "TestU01"
| #define PACKAGE_TARNAME "testu01"
| #define PACKAGE_VERSION "1.2.3"
| #define PACKAGE_STRING "TestU01 1.2.3"
| #define PACKAGE_BUGREPORT "lecuyer@iro.umontreal.ca"
| #define PACKAGE_URL ""
| #define PACKAGE "testu01"
| #define VERSION "1.2.3"
| #define STDC_HEADERS 1
| #define HAVE_SYS_TYPES_H 1
| #define HAVE_SYS_STAT_H 1
| #define HAVE_STDLIB_H 1
| #define HAVE_STRING_H 1
| #define HAVE_MEMORY_H 1
| #define HAVE_STRINGS_H 1
| #define HAVE_INTTYPES_H 1
| #define HAVE_STDINT_H 1
| #define HAVE_UNISTD_H 1
| #define HAVE_DLFCN_H 1
| #define LT_OBJDIR ".libs/"
| #define STDC_HEADERS 1
| #define HAVE_SYS_UTSNAME_H 1
| #define HAVE_UNISTD_H 1
| /* end confdefs.h.  */
| #include <gmp.h>
configure:9070: result: no
configure:9070: checking for gmp.h
configure:9070: result: no
configure:9070: checking for stdint.h
configure:9070: result: yes
configure:9082: checking for an ANSI C-conforming const
configure:9148: gcc -c -g -O2  conftest.c >&5
configure:9148: $? = 0
configure:9155: result: yes
configure:9163: checking for size_t
configure:9163: gcc -c -g -O2  conftest.c >&5
configure:9163: $? = 0
configure:9163: gcc -c -g -O2  conftest.c >&5
conftest.c: In function 'main':
conftest.c:63:21: error: expected expression before ')' token
   63 | if (sizeof ((size_t)))
      |                     ^
configure:9163: $? = 1
configure: failed program was:
| /* confdefs.h */
| #define PACKAGE_NAME "TestU01"
| #define PACKAGE_TARNAME "testu01"
| #define PACKAGE_VERSION "1.2.3"
| #define PACKAGE_STRING "TestU01 1.2.3"
| #define PACKAGE_BUGREPORT "lecuyer@iro.umontreal.ca"
| #define PACKAGE_URL ""
| #define PACKAGE "testu01"
| #define VERSION "1.2.3"
| #define STDC_HEADERS 1
| #define HAVE_SYS_TYPES_H 1
| #define HAVE_SYS_STAT_H 1
| #define HAVE_STDLIB_H 1
| #define HAVE_STRING_H 1
| #define HAVE_MEMORY_H 1
| #define HAVE_STRINGS_H 1
| #define HAVE_INTTYPES_H 1
| #define HAVE_STDINT_H 1
| #define HAVE_UNISTD_H 1
| #define HAVE_DLFCN_H 1
| #define LT_OBJDIR ".libs/"
| #define STDC_HEADERS 1
| #define HAVE_SYS_UTSNAME_H 1
| #define HAVE_UNISTD_H 1
| #define HAVE_STDINT_H 1
| /* end confdefs.h.  */
| #include <stdio.h>
| #ifdef HAVE_SYS_TYPES_H
| # include <sys/types.h>
| #endif
| #ifdef HAVE_SYS_STAT_H
| # include <sys/stat.h>
| #endif
| #ifdef STDC_HEADERS
| # include <stdlib.h>
| # include <stddef.h>
| #else
| # ifdef HAVE_STDLIB_H
| #  include <stdlib.h>
| # endif
| #endif
| #ifdef HAVE_STRING_H
| # if !defined STDC_HEADERS && defined HAVE_MEMORY_H
| #  include <memory.h>
| # endif
| # include <string.h>
| #endif
| #ifdef HAVE_STRINGS_H
| # include <strings.h>
| #endif
| #ifdef HAVE_INTTYPES_H
| # include <inttypes.h>
| #endif
| #ifdef HAVE_STDINT_H
| # include <stdint.h>
| #endif
| #ifdef HAVE_UNISTD_H
| # include <unistd.h>
| #endif
| int
| main ()
| {
| if (sizeof ((size_t)))
| 	    return 0;
|   ;
|   return 0;
| }
configure:9163: result: yes
configure:9174: checking whether byte ordering is bigendian
configure:9189: gcc -c -g -O2  conftest.c >&5
conftest.c:28:9: error: unknown type name 'not'
   28 |         not a universal capable compiler
      |         ^~~
conftest.c:28:15: error: expected '=', ',', ';', 'asm' or '__attribute__' before 'universal'
   28 |         not a universal capable compiler
      |               ^~~~~~~~~
conftest.c:28:15: error: unknown type name 'universal'
configure:9189: $? = 1
configure: failed program was:
| /* confdefs.h */
| #define PACKAGE_NAME "TestU01"
| #define PACKAGE_TARNAME "testu01"
| #define PACKAGE_VERSION "1.2.3"
| #define PACKAGE_STRING "TestU01 1.2.3"
| #define PACKAGE_BUGREPORT "lecuyer@iro.umontreal.ca"
| #define PACKAGE_URL ""
| #define PACKAGE "testu01"
| #define VERSION "1.2.3"
| #define STDC_HEADERS 1
| #define HAVE_SYS_TYPES_H 1
| #define HAVE_SYS_STAT_H 1
| #define HAVE_STDLIB_H 1
| #define HAVE_STRING_H 1
| #define HAVE_MEMORY_H 1
| #define HAVE_STRINGS_H 1
| #define HAVE_INTTYPES_H 1
| #define HAVE_STDINT_H 1
| #define HAVE_UNISTD_H 1
| #define HAVE_DLFCN_H 1
| #define LT_OBJDIR ".libs/"
| #define STDC_HEADERS 1
| #define HAVE_SYS_UTSNAME_H 1
| #define HAVE_UNISTD_H 1
| #define HAVE_STDINT_H 1
| /* end confdefs.h.  */
| #ifndef __APPLE_CC__
| 	       not a universal capable compiler
| 	     #endif
| 	     typedef int dummy;
| 
configure:9234: gcc -c -g -O2  conftest.c >&5
configure:9234: $? = 0
configure:9252: gcc -c -g -O2  conftest.c >&5
conftest.c: In function 'main':
conftest.c:34:4: error: unknown type name 'not'; did you mean 'ino_t'?
   34 |    not big endian
      |    ^~~
      |    ino_t
conftest.c:34:12: error: expected '=', ',', ';', 'asm' or '__attribute__' before 'endian'
   34 |    not big endian
      |            ^~~~~~
configure:9252: $? = 1
configure: failed program was:
| /* confdefs.h */
| #define PACKAGE_NAME "TestU01"
| #define PACKAGE_TARNAME "testu01"
| #define PACKAGE_VERSION "1.2.3"
| #define PACKAGE_STRING "TestU01 1.2.3"
| #define PACKAGE_BUGREPORT "lecuyer@iro.umontreal.ca"
| #define PACKAGE_URL ""
| #define PACKAGE "testu01"
| #define VERSION "1.2.3"
| #define STDC_HEADERS 1
| #define HAVE_SYS_TYPES_H 1
| #define HAVE_SYS_STAT_H 1
| #define HAVE_STDLIB_H 1
| #define HAVE_STRING_H 1
| #define HAVE_MEMORY_H 1
| #define HAVE_STRINGS_H 1
| #define HAVE_INTTYPES_H 1
| #define HAVE_STDINT_H 1
| #define HAVE_UNISTD_H 1
| #define HAVE_DLFCN_H 1
| #define LT_OBJDIR ".libs/"
| #define STDC_HEADERS 1
| #define HAVE_SYS_UTSNAME_H 1
| #define HAVE_UNISTD_H 1
| #define HAVE_STDINT_H 1
| /* end confdefs.h.  */
| #include <sys/types.h>
| 		#include <sys/param.h>
| 
| int
| main ()
| {
| #if BYTE_ORDER != BIG_ENDIAN
| 		 not big endian
| 		#endif
| 
|   ;
|   return 0;
| }
configure:9380: result: no
configure:9398: checking for long long
configure:9398: gcc -c -g -O2  conftest.c >&5
configure:9398: $? = 0
configure:9398: gcc -c -g -O2  conftest.c >&5
conftest.c: In function 'main':
conftest.c:63:24: error: expected expression before ')' token
   63 | if (sizeof ((long long)))
      |                        ^
configure:9398: $? = 1
configure: failed program was:
| /* confdefs.h */
| #define PACKAGE_NAME "TestU01"
| #define PACKAGE_TARNAME "testu01"
| #define PACKAGE_VERSION "1.2.3"
| #define PACKAGE_STRING "TestU01 1.2.3"
| #define PACKAGE_BUGREPORT "lecuyer@iro.umontreal.ca"
| #define PACKAGE_URL ""
| #define PACKAGE "testu01"
| #define VERSION "1.2.3"
| #define STDC_HEADERS 1
| #define HAVE_SYS_TYPES_H 1
| #define HAVE_SYS_STAT_H 1
| #define HAVE_STDLIB_H 1
| #define HAVE_STRING_H 1
| #define HAVE_MEMORY_H 1
| #define HAVE_STRINGS_H 1
| #define HAVE_INTTYPES_H 1
| #define HAVE_STDINT_H 1
| #define HAVE_UNISTD_H 1
| #define HAVE_DLFCN_H 1
| #define LT_OBJDIR ".libs/"
| #define STDC_HEADERS 1
| #define HAVE_SYS_UTSNAME_H 1
| #define HAVE_UNISTD_H 1
| #define HAVE_STDINT_H 1
| /* end confdefs.h.  */
| #include <stdio.h>
| #ifdef HAVE_SYS_TYPES_H
| # include <sys/types.h>
| #endif
| #ifdef HAVE_SYS_STAT_H
| # include <sys/stat.h>
| #endif
| #ifdef STDC_HEADERS
| # include <stdlib.h>
| # include <stddef.h>
| #else
| # ifdef HAVE_STDLIB_H
| #  include <stdlib.h>
| # endif
| #endif
| #ifdef HAVE_STRING_H
| # if !defined STDC_HEADERS && defined HAVE_MEMORY_H
| #  include <memory.h>
| # endif
| # include <string.h>
| #endif
| #ifdef HAVE_STRINGS_H
| # include <strings.h>
| #endif
| #ifdef HAVE_INTTYPES_H
| # include <inttypes.h>
| #endif
| #ifdef HAVE_STDINT_H
| # include <stdint.h>
| #endif
| #ifdef HAVE_UNISTD_H
| # include <unistd.h>
| #endif
| int
| main ()
| {
| if (sizeof ((long long)))
| 	    return 0;
|   ;
|   return 0;
| }
configure:9398: result: yes
configure:9407: checking for uint32_t
configure:9407: gcc -c -g -O2  conftest.c >&5
configure:9407: $? = 0
configure:9407: gcc -c -g -O2  conftest.c >&5
conftest.c: In function 'main':
conftest.c:64:23: error: expected expression before ')' token
   64 | if (sizeof ((uint32_t)))
      |                       ^
configure:9407: $? = 1
configure: failed program was:
| /* confdefs.h */
| #define PACKAGE_NAME "TestU01"
| #define PACKAGE_TARNAME "testu01"
| #define PACKAGE_VERSION "1.2.3"
| #define PACKAGE_STRING "TestU01 1.2.3"
| #define PACKAGE_BUGREPORT "lecuyer@iro.umontreal.ca"
| #define PACKAGE_URL ""
| #define PACKAGE "testu01"
| #define VERSION "1.2.3"
| #define STDC_HEADERS 1
| #define HAVE_SYS_TYPES_H 1
| #define HAVE_SYS_STAT_H 1
| #define HAVE_STDLIB_H 1
| #define HAVE_STRING_H 1
| #define HAVE_MEMORY_H 1
| #define HAVE_STRINGS_H 1
| #define HAVE_INTTYPES_H 1
| #define HAVE_STDINT_H 1
| #define HAVE_UNISTD_H 1
| #define HAVE_DLFCN_H 1
| #define LT_OBJDIR ".libs/"
| #define STDC_HEADERS 1
| #define HAVE_SYS_UTSNAME_H 1
| #define HAVE_UNISTD_H 1
| #define HAVE_STDINT_H 1
| #define HAVE_LONG_LONG 1
| /* end confdefs.h.  */
| #include <stdio.h>
| #ifdef HAVE_SYS_TYPES_H
| # include <sys/types.h>
| #endif
| #ifdef HAVE_SYS_STAT_H
| # include <sys/stat.h>
| #endif
| #ifdef STDC_HEADERS
| # include <stdlib.h>
| # include <stddef.h>
| #else
| # ifdef HAVE_STDLIB_H
| #  include <stdlib.h>
| # endif
| #endif
| #ifdef HAVE_STRING_H
| # if !defined STDC_HEADERS && defined HAVE_MEMORY_H
| #  include <memory.h>
| # endif
| # include <string.h>
| #endif
| #ifdef HAVE_STRINGS_H
| # include <strings.h>
| #endif
| #ifdef HAVE_INTTYPES_H
| # include <inttypes.h>
| #endif
| #ifdef HAVE_STDINT_H
| # include <stdint.h>
| #endif
| #ifdef HAVE_UNISTD_H
| # include <unistd.h>
| #endif
| int
| main ()
| {
| if (sizeof ((uint32_t)))
| 	    return 0;
|   ;
|   return 0;
| }
configure:9407: result: yes
configure:9416: checking for uint8_t
configure:9416: gcc -c -g -O2  conftest.c >&5
configure:9416: $? = 0
configure:9416: gcc -c -g -O2  conftest.c >&5
conftest.c: In function 'main':
conftest.c:65:22: error: expected expression before ')' token
   65 | if (sizeof ((uint8_t)))
      |                      ^
configure:9416: $? = 1
configure: failed program was:
| /* confdefs.h */
| #define PACKAGE_NAME "TestU01"
| #define PACKAGE_TARNAME "testu01"
| #define PACKAGE_VERSION "1.2.3"
| #define PACKAGE_STRING "TestU01 1.2.3"
| #define PACKAGE_BUGREPORT "lecuyer@iro.umontreal.ca"
| #define PACKAGE_URL ""
| #define PACKAGE "testu01"
| #define VERSION "1.2.3"
| #define STDC_HEADERS 1
| #define HAVE_SYS_TYPES_H 1
| #define HAVE_SYS_STAT_H 1
| #define HAVE_STDLIB_H 1
| #define HAVE_STRING_H 1
| #define HAVE_MEMORY_H 1
| #define HAVE_STRINGS_H 1
| #define HAVE_INTTYPES_H 1
| #define HAVE_STDINT_H 1
| #define HAVE_UNISTD_H 1
| #define HAVE_DLFCN_H 1
| #define LT_OBJDIR ".libs/"
| #define STDC_HEADERS 1
| #define HAVE_SYS_UTSNAME_H 1
| #define HAVE_UNISTD_H 1
| #define HAVE_STDINT_H 1
| #define HAVE_LONG_LONG 1
| #define HAVE_UINT32_T 1
| /* end confdefs.h.  */
| #include <stdio.h>
| #ifdef HAVE_SYS_TYPES_H
| # include <sys/types.h>
| #endif
| #ifdef HAVE_SYS_STAT_H
| # include <sys/stat.h>
| #endif
| #ifdef STDC_HEADERS
| # include <stdlib.h>
| # include <stddef.h>
| #else
| # ifdef HAVE_STDLIB_H
| #  include <stdlib.h>
| # endif
| #endif
| #ifdef HAVE_STRING_H
| # if !defined STDC_HEADERS && defined HAVE_MEMORY_H
| #  include <memory.h>
| # endif
| # include <string.h>
| #endif
| #ifdef HAVE_STRINGS_H
| # include <strings.h>
| #endif
| #ifdef HAVE_INTTYPES_H
| # include <inttypes.h>
| #endif
| #ifdef HAVE_STDINT_H
| # include <stdint.h>
| #endif
| #ifdef HAVE_UNISTD_H
| # include <unistd.h>
| #endif
| int
| main ()
| {
| if (sizeof ((uint8_t)))
| 	    return 0;
|   ;
|   return 0;
| }
configure:9416: result: yes
configure:9434: checking for random
configure:9434: gcc -o conftest -g -O2   conftest.c -lm  >&5
configure:9434: $? = 0
configure:9434: result: yes
configure:9434: checking for erf
configure:9434: gcc -o conftest -g -O2   conftest.c -lm  >&5
conftest.c:54:6: warning: conflicting types for built-in function 'erf'; expected 'double(double)' [-Wbuiltin-declaration-mismatch]
   54 | char erf ();
      |      ^~~
conftest.c:42:1: note: 'erf' is declared in header '<math.h>'
   41 | # include <limits.h>
   42 | #else
configure:9434: $? = 0
configure:9434: result: yes
configure:9434: checking for lgamma
configure:9434: gcc -o conftest -g -O2   conftest.c -lm  >&5
conftest.c:55:6: warning: conflicting types for built-in function 'lgamma'; expected 'double(double)' [-Wbuiltin-declaration-mismatch]
   55 | char lgamma ();
      |      ^~~~~~
conftest.c:43:1: note: 'lgamma' is declared in header '<math.h>'
   42 | # include <limits.h>
   43 | #else
configure:9434: $? = 0
configure:9434: result: yes
configure:9434: checking for log1p
configure:9434: gcc -o conftest -g -O2   conftest.c -lm  >&5
conftest.c:56:6: warning: conflicting types for built-in function 'log1p'; expected 'double(double)' [-Wbuiltin-declaration-mismatch]
   56 | char log1p ();
      |      ^~~~~
conftest.c:44:1: note: 'log1p' is declared in header '<math.h>'
   43 | # include <limits.h>
   44 | #else
configure:9434: $? = 0
configure:9434: result: yes
configure:9548: checking that generated files are newer than configure
configure:9554: result: done
configure:9578: creating ./config.status

## ---------------------- ##
## Running config.status. ##
## ---------------------- ##

This file was extended by TestU01 config.status 1.2.3, which was
generated by GNU Autoconf 2.69.  Invocation command line was

  CONFIG_FILES    = 
  CONFIG_HEADERS  = 
  CONFIG_LINKS    = 
  CONFIG_COMMANDS = 
  $ ./config.status 

on kharbanda

config.status:1101: creating Makefile
config.status:1101: creating include/Makefile
config.status:1101: creating mylib/Makefile
config.status:1101: creating probdist/Makefile
config.status:1101: creating testu01/Makefile
config.status:1101: creating examples/Makefile
config.status:1101: creating doc/Makefile
config.status:1101: creating param/Makefile
config.status:1101: creating include/config.h
config.status:1101: creating include/gdefconf.h
config.status:1330: executing depfiles commands
config.status:1407: cd .       && sed -e '/# am--include-marker/d' Makefile         | make -f - am--depfiles
make[1]: Entering directory '/home/mayank/Desktop/randomness/rtt-statistical-batteries-master/testu01-src/TestU01-1.2.3'
make[1]: Leaving directory '/home/mayank/Desktop/randomness/rtt-statistical-batteries-master/testu01-src/TestU01-1.2.3'
config.status:1412: $? = 0
config.status:1407: cd mylib       && sed -e '/# am--include-marker/d' Makefile         | make -f - am--depfiles
make[1]: Entering directory '/home/mayank/Desktop/randomness/rtt-statistical-batteries-master/testu01-src/TestU01-1.2.3/mylib'
make[1]: Leaving directory '/home/mayank/Desktop/randomness/rtt-statistical-batteries-master/testu01-src/TestU01-1.2.3/mylib'
config.status:1412: $? = 0
config.status:1407: cd probdist       && sed -e '/# am--include-marker/d' Makefile         | make -f - am--depfiles
make[1]: Entering directory '/home/mayank/Desktop/randomness/rtt-statistical-batteries-master/testu01-src/TestU01-1.2.3/probdist'
make[1]: Leaving directory '/home/mayank/Desktop/randomness/rtt-statistical-batteries-master/testu01-src/TestU01-1.2.3/probdist'
config.status:1412: $? = 0
config.status:1407: cd testu01       && sed -e '/# am--include-marker/d' Makefile         | make -f - am--depfiles
make[1]: Entering directory '/home/mayank/Desktop/randomness/rtt-statistical-batteries-master/testu01-src/TestU01-1.2.3/testu01'
make[1]: Leaving directory '/home/mayank/Desktop/randomness/rtt-statistical-batteries-master/testu01-src/TestU01-1.2.3/testu01'
config.status:1412: $? = 0
config.status:1330: executing libtool commands

## ---------------- ##
## Cache variables. ##
## ---------------- ##

ac_cv_build=x86_64-unknown-linux-gnu
ac_cv_c_bigendian=no
ac_cv_c_compiler_gnu=yes
ac_cv_c_const=yes
ac_cv_env_CC_set=
ac_cv_env_CC_value=
ac_cv_env_CFLAGS_set=
ac_cv_env_CFLAGS_value=
ac_cv_env_CPPFLAGS_set=
ac_cv_env_CPPFLAGS_value=
ac_cv_env_CPP_set=
ac_cv_env_CPP_value=
ac_cv_env_LDFLAGS_set=
ac_cv_env_LDFLAGS_value=
ac_cv_env_LIBS_set=
ac_cv_env_LIBS_value=
ac_cv_env_LT_SYS_LIBRARY_PATH_set=
ac_cv_env_LT_SYS_LIBRARY_PATH_value=
ac_cv_env_build_alias_set=
ac_cv_env_build_alias_value=
ac_cv_env_host_alias_set=
ac_cv_env_host_alias_value=
ac_cv_env_target_alias_set=
ac_cv_env_target_alias_value=
ac_cv_func_erf=yes
ac_cv_func_lgamma=yes
ac_cv_func_log1p=yes
ac_cv_func_random=yes
ac_cv_header_dlfcn_h=yes
ac_cv_header_gmp_h=no
ac_cv_header_inttypes_h=yes
ac_cv_header_memory_h=yes
ac_cv_header_stdc=yes
ac_cv_header_stdint_h=yes
ac_cv_header_stdlib_h=yes
ac_cv_header_string_h=yes
ac_cv_header_strings_h=yes
ac_cv_header_sys_stat_h=yes
ac_cv_header_sys_types_h=yes
ac_cv_header_sys_utsname_h=yes
ac_cv_header_unistd_h=yes
ac_cv_header_windows_h=no
ac_cv_host=x86_64-unknown-linux-gnu
ac_cv_lib_m_cos=yes
ac_cv_objext=o
ac_cv_path_EGREP='/bin/grep -E'
ac_cv_path_FGREP='/bin/grep -F'
ac_cv_path_GREP=/bin/grep
ac_cv_path_SED=/bin/sed
ac_cv_path_install='/usr/bin/install -c'
ac_cv_path_lt_DD=/bin/dd
ac_cv_path_mkdir=/bin/mkdir
ac_cv_prog_AWK=mawk
ac_cv_prog_CPP='gcc -E'
ac_cv_prog_ac_ct_AR=ar
ac_cv_prog_ac_ct_CC=gcc
ac_cv_prog_ac_ct_MANIFEST_TOOL=mt
ac_cv_prog_ac_ct_OBJDUMP=objdump
ac_cv_prog_ac_ct_RANLIB=ranlib
ac_cv_prog_ac_ct_STRIP=strip
ac_cv_prog_cc_c89=
ac_cv_prog_cc_g=yes
ac_cv_prog_have_mathematica=no
ac_cv_prog_make_make_set=yes
ac_cv_type_long_long=yes
ac_cv_type_size_t=yes
ac_cv_type_uint32_t=yes
ac_cv_type_uint8_t=yes
am_cv_CC_dependencies_compiler_type=gcc3
am_cv_make_support_nested_variables=yes
am_cv_prog_cc_c_o=yes
lt_cv_ar_at_file=@
lt_cv_archive_cmds_need_lc=no
lt_cv_deplibs_check_method=pass_all
lt_cv_file_magic_cmd='$MAGIC_CMD'
lt_cv_file_magic_test_file=
lt_cv_ld_reload_flag=-r
lt_cv_nm_interface='BSD nm'
lt_cv_objdir=.libs
lt_cv_path_LD=/usr/bin/ld
lt_cv_path_NM='/usr/bin/nm -B'
lt_cv_path_mainfest_tool=no
lt_cv_prog_compiler_c_o=yes
lt_cv_prog_compiler_pic='-fPIC -DPIC'
lt_cv_prog_compiler_pic_works=yes
lt_cv_prog_compiler_rtti_exceptions=no
lt_cv_prog_compiler_static_works=yes
lt_cv_prog_gnu_ld=yes
lt_cv_sharedlib_from_linklib_cmd='printf %s\n'
lt_cv_shlibpath_overrides_runpath=yes
lt_cv_sys_global_symbol_pipe='sed -n -e '\''s/^.*[	 ]\([ABCDGIRSTW][ABCDGIRSTW]*\)[	 ][	 ]*\([_A-Za-z][_A-Za-z0-9]*\)$/\1 \2 \2/p'\'' | sed '\''/ __gnu_lto/d'\'''
lt_cv_sys_global_symbol_to_c_name_address='sed -n -e '\''s/^: \(.*\) .*$/  {"\1", (void *) 0},/p'\'' -e '\''s/^[ABCDGIRSTW][ABCDGIRSTW]* .* \(.*\)$/  {"\1", (void *) \&\1},/p'\'''
lt_cv_sys_global_symbol_to_c_name_address_lib_prefix='sed -n -e '\''s/^: \(.*\) .*$/  {"\1", (void *) 0},/p'\'' -e '\''s/^[ABCDGIRSTW][ABCDGIRSTW]* .* \(lib.*\)$/  {"\1", (void *) \&\1},/p'\'' -e '\''s/^[ABCDGIRSTW][ABCDGIRSTW]* .* \(.*\)$/  {"lib\1", (void *) \&\1},/p'\'''
lt_cv_sys_global_symbol_to_cdecl='sed -n -e '\''s/^T .* \(.*\)$/extern int \1();/p'\'' -e '\''s/^[ABCDGIRSTW][ABCDGIRSTW]* .* \(.*\)$/extern char \1;/p'\'''
lt_cv_sys_global_symbol_to_import=
lt_cv_sys_max_cmd_len=1572864
lt_cv_to_host_file_cmd=func_convert_file_noop
lt_cv_to_tool_file_cmd=func_convert_file_noop
lt_cv_truncate_bin='/bin/dd bs=4096 count=1'

## ----------------- ##
## Output variables. ##
## ----------------- ##

ACLOCAL='aclocal-1.16'
AMDEPBACKSLASH='\'
AMDEP_FALSE='#'
AMDEP_TRUE=''
AMTAR='$${TAR-tar}'
AM_BACKSLASH='\'
AM_DEFAULT_V='$(AM_DEFAULT_VERBOSITY)'
AM_DEFAULT_VERBOSITY='1'
AM_V='$(V)'
AR='ar'
AUTOCONF='autoconf'
AUTOHEADER='autoheader'
AUTOMAKE='automake-1.16'
AWK='mawk'
CC='gcc'
CCDEPMODE='depmode=gcc3'
CFLAGS='-g -O2'
CPP='gcc -E'
CPPFLAGS=''
CYGPATH_W='echo'
DEFS='-DHAVE_CONFIG_H'
DEPDIR='.deps'
DLLTOOL='false'
DSYMUTIL=''
DUMPBIN=''
ECHO_C=''
ECHO_N='-n'
ECHO_T=''
EGREP='/bin/grep -E'
EXEEXT=''
FGREP='/bin/grep -F'
GREP='/bin/grep'
INSTALL_DATA='${INSTALL} -m 644'
INSTALL_PROGRAM='${INSTALL}'
INSTALL_SCRIPT='${INSTALL}'
INSTALL_STRIP_PROGRAM='$(install_sh) -c -s'
LD='/usr/bin/ld -m elf_x86_64'
LDFLAGS=''
LIBM='-lm'
LIBOBJS=''
LIBS='-lm '
LIBTOOL='$(SHELL) $(top_builddir)/libtool'
LIPO=''
LN_S='ln -s'
LTLIBOBJS=''
LT_SYS_LIBRARY_PATH=''
MAKEINFO='makeinfo'
MANIFEST_TOOL=':'
MKDIR_P='/bin/mkdir -p'
NM='/usr/bin/nm -B'
NMEDIT=''
OBJDUMP='objdump'
OBJEXT='o'
OTOOL64=''
OTOOL=''
PACKAGE='testu01'
PACKAGE_BUGREPORT='lecuyer@iro.umontreal.ca'
PACKAGE_NAME='TestU01'
PACKAGE_STRING='TestU01 1.2.3'
PACKAGE_TARNAME='testu01'
PACKAGE_URL=''
PACKAGE_VERSION='1.2.3'
PATH_SEPARATOR=':'
RANLIB='ranlib'
SED='/bin/sed'
SET_MAKE=''
SHELL='/bin/bash'
STRIP='strip'
VERSION='1.2.3'
ac_ct_AR='ar'
ac_ct_CC='gcc'
ac_ct_DUMPBIN=''
am__EXEEXT_FALSE=''
am__EXEEXT_TRUE='#'
am__fastdepCC_FALSE='#'
am__fastdepCC_TRUE=''
am__include='include'
am__isrc=''
am__leading_dot='.'
am__nodep='_no'
am__quote=''
am__tar='$${TAR-tar} chof - "$$tardir"'
am__untar='$${TAR-tar} xf -'
bindir='${exec_prefix}/bin'
build='x86_64-unknown-linux-gnu'
build_alias=''
build_cpu='x86_64'
build_os='linux-gnu'
build_vendor='unknown'
datadir='${datarootdir}'
datarootdir='${prefix}/share'
docdir='${datarootdir}/doc/${PACKAGE_TARNAME}'
dvidir='${docdir}'
exec_prefix='${prefix}'
have_mathematica='no'
host='x86_64-unknown-linux-gnu'
host_alias=''
host_cpu='x86_64'
host_os='linux-gnu'
host_vendor='unknown'
htmldir='${docdir}'
includedir='${prefix}/include'
infodir='${datarootdir}/info'
install_sh='${SHELL} /home/mayank/Desktop/randomness/rtt-statistical-batteries-master/testu01-src/TestU01-1.2.3/install-sh'
libdir='${exec_prefix}/lib'
libexecdir='${exec_prefix}/libexec'
localedir='${datarootdir}/locale'
localstatedir='${prefix}/var'
mandir='${datarootdir}/man'
mkdir_p='$(MKDIR_P)'
oldincludedir='/usr/include'
pdfdir='${docdir}'
prefix='/home/mayank/Desktop/randomness/rtt-statistical-batteries-master/testu01-src/TestU01-1.2.3/../install'
program_transform_name='s,x,x,'
psdir='${docdir}'
runstatedir='${localstatedir}/run'
sbindir='${exec_prefix}/sbin'
sharedstatedir='${prefix}/com'
sysconfdir='${prefix}/etc'
target_alias=''

## ----------- ##
## confdefs.h. ##
## ----------- ##

/* confdefs.h */
#define PACKAGE_NAME "TestU01"
#define PACKAGE_TARNAME "testu01"
#define PACKAGE_VERSION "1.2.3"
#define PACKAGE_STRING "TestU01 1.2.3"
#define PACKAGE_BUGREPORT "lecuyer@iro.umontreal.ca"
#define PACKAGE_URL ""
#define PACKAGE "testu01"
#define VERSION "1.2.3"
#define STDC_HEADERS 1
#define HAVE_SYS_TYPES_H 1
#define HAVE_SYS_STAT_H 1
#define HAVE_STDLIB_H 1
#define HAVE_STRING_H 1
#define HAVE_MEMORY_H 1
#define HAVE_STRINGS_H 1
#define HAVE_INTTYPES_H 1
#define HAVE_STDINT_H 1
#define HAVE_UNISTD_H 1
#define HAVE_DLFCN_H 1
#define LT_OBJDIR ".libs/"
#define STDC_HEADERS 1
#define HAVE_SYS_UTSNAME_H 1
#define HAVE_UNISTD_H 1
#define HAVE_STDINT_H 1
#define HAVE_LONG_LONG 1
#define HAVE_UINT32_T 1
#define HAVE_UINT8_T 1
#define HAVE_RANDOM 1
#define HAVE_ERF 1
#define HAVE_LGAMMA 1
#define HAVE_LOG1P 1

configure: exit 0
